<?xml version="1.0" encoding="UTF-8"?>
<coverage generated="1760582099055" clover="3.2.0">
  <project timestamp="1760582099055" name="All files">
    <metrics statements="14" coveredstatements="9" conditionals="8" coveredconditionals="5" methods="2" coveredmethods="1" elements="24" coveredelements="15" complexity="0" loc="14" ncloc="14" packages="1" files="1" classes="1"/>
    <file name="script.js" path="C:\Users\henry\Documents\Web Development\AD320WebDevLectureCodeFall2025\Week3\starter\script.js">
      <metrics statements="14" coveredstatements="9" conditionals="8" coveredconditionals="5" methods="2" coveredmethods="1"/>
      <line num="2" count="1" type="stmt"/>
      <line num="3" count="1" type="stmt"/>
      <line num="4" count="1" type="stmt"/>
      <line num="5" count="5" type="cond" truecount="4" falsecount="0"/>
      <line num="6" count="1" type="stmt"/>
      <line num="7" count="1" type="stmt"/>
      <line num="9" count="5" type="cond" truecount="1" falsecount="1"/>
      <line num="10" count="0" type="stmt"/>
      <line num="14" count="1" type="stmt"/>
      <line num="18" count="0" type="stmt"/>
      <line num="19" count="0" type="cond" truecount="0" falsecount="2"/>
      <line num="20" count="0" type="stmt"/>
      <line num="23" count="0" type="stmt"/>
      <line num="26" count="1" type="stmt"/>
    </file>
  </project>
</coverage>
